2016-11-13 19:02:39 DEBUG HibernateTransactionManager:417 - Opened new Session [SessionImpl(PersistenceContext[entityKeys=[],collectionKeys=[]];ActionQueue[insertions=[] updates=[] deletions=[] orphanRemovals=[] collectionCreations=[] collectionRemovals=[] collectionUpdates=[] collectionQueuedOps=[] unresolvedInsertDependencies=UnresolvedEntityInsertActions[]])] for Hibernate transaction
2016-11-13 19:02:39 DEBUG HibernateTransactionManager:427 - Preparing JDBC Connection of Hibernate Session [SessionImpl(PersistenceContext[entityKeys=[],collectionKeys=[]];ActionQueue[insertions=[] updates=[] deletions=[] orphanRemovals=[] collectionCreations=[] collectionRemovals=[] collectionUpdates=[] collectionQueuedOps=[] unresolvedInsertDependencies=UnresolvedEntityInsertActions[]])]
2016-11-13 19:02:39 DEBUG C3P0PooledConnectionPool:204 - Testing PooledConnection [com.mchange.v2.c3p0.impl.NewPooledConnection@6738c3] on CHECKOUT.
2016-11-13 19:02:39 DEBUG C3P0PooledConnectionPool:204 - Test of PooledConnection [com.mchange.v2.c3p0.impl.NewPooledConnection@6738c3] on CHECKOUT has SUCCEEDED.
2016-11-13 19:02:39 DEBUG DataSourceUtils:153 - Setting JDBC Connection [com.mchange.v2.c3p0.impl.NewProxyConnection@a9a8f5 [wrapping: org.postgresql.jdbc.PgConnection@58a710]] read-only
2016-11-13 19:02:39 DEBUG HibernateTransactionManager:488 - Exposing Hibernate transaction as JDBC transaction [com.mchange.v2.c3p0.impl.NewProxyConnection@a9a8f5 [wrapping: org.postgresql.jdbc.PgConnection@58a710]]
2016-11-13 19:02:39 DEBUG HibernateTransactionManager:366 - Creating new transaction with name [crud.core.service.PersonOperations.printTypeList]: PROPAGATION_REQUIRED,ISOLATION_DEFAULT,readOnly
2016-11-13 19:02:39 DEBUG HibernateTransactionManager:417 - Opened new Session [SessionImpl(PersistenceContext[entityKeys=[],collectionKeys=[]];ActionQueue[insertions=[] updates=[] deletions=[] orphanRemovals=[] collectionCreations=[] collectionRemovals=[] collectionUpdates=[] collectionQueuedOps=[] unresolvedInsertDependencies=UnresolvedEntityInsertActions[]])] for Hibernate transaction
2016-11-13 19:02:39 DEBUG HibernateTransactionManager:427 - Preparing JDBC Connection of Hibernate Session [SessionImpl(PersistenceContext[entityKeys=[],collectionKeys=[]];ActionQueue[insertions=[] updates=[] deletions=[] orphanRemovals=[] collectionCreations=[] collectionRemovals=[] collectionUpdates=[] collectionQueuedOps=[] unresolvedInsertDependencies=UnresolvedEntityInsertActions[]])]
2016-11-13 19:02:39 DEBUG C3P0PooledConnectionPool:204 - Testing PooledConnection [com.mchange.v2.c3p0.impl.NewPooledConnection@82b877] on CHECKOUT.
2016-11-13 19:02:39 DEBUG C3P0PooledConnectionPool:204 - Test of PooledConnection [com.mchange.v2.c3p0.impl.NewPooledConnection@82b877] on CHECKOUT has SUCCEEDED.
2016-11-13 19:02:39 DEBUG DataSourceUtils:153 - Setting JDBC Connection [com.mchange.v2.c3p0.impl.NewProxyConnection@f8c0cc [wrapping: org.postgresql.jdbc.PgConnection@376a95]] read-only
2016-11-13 19:02:39 DEBUG HibernateTransactionManager:488 - Exposing Hibernate transaction as JDBC transaction [com.mchange.v2.c3p0.impl.NewProxyConnection@f8c0cc [wrapping: org.postgresql.jdbc.PgConnection@376a95]]
2016-11-13 19:02:39 DEBUG HibernateTransactionManager:753 - Initiating transaction commit
2016-11-13 19:02:39 DEBUG HibernateTransactionManager:552 - Committing Hibernate transaction on Session [SessionImpl(PersistenceContext[entityKeys=[],collectionKeys=[]];ActionQueue[insertions=[] updates=[] deletions=[] orphanRemovals=[] collectionCreations=[] collectionRemovals=[] collectionUpdates=[] collectionQueuedOps=[] unresolvedInsertDependencies=UnresolvedEntityInsertActions[]])]
2016-11-13 19:02:39 DEBUG DataSourceUtils:222 - Resetting read-only flag of JDBC Connection [com.mchange.v2.c3p0.impl.NewProxyConnection@f8c0cc [wrapping: org.postgresql.jdbc.PgConnection@376a95]]
2016-11-13 19:02:39 DEBUG HibernateTransactionManager:634 - Closing Hibernate Session [SessionImpl(PersistenceContext[entityKeys=[],collectionKeys=[]];ActionQueue[insertions=[] updates=[] deletions=[] orphanRemovals=[] collectionCreations=[] collectionRemovals=[] collectionUpdates=[] collectionQueuedOps=[] unresolvedInsertDependencies=UnresolvedEntityInsertActions[]])] after transaction
2016-11-13 19:02:39 DEBUG HibernateTransactionManager:1013 - Resuming suspended transaction after completion of inner transaction
2016-11-13 19:02:39 DEBUG HibernateTransactionManager:753 - Initiating transaction commit
2016-11-13 19:02:39 DEBUG HibernateTransactionManager:552 - Committing Hibernate transaction on Session [SessionImpl(PersistenceContext[entityKeys=[],collectionKeys=[]];ActionQueue[insertions=[] updates=[] deletions=[] orphanRemovals=[] collectionCreations=[] collectionRemovals=[] collectionUpdates=[] collectionQueuedOps=[] unresolvedInsertDependencies=UnresolvedEntityInsertActions[]])]
2016-11-13 19:02:39 DEBUG DataSourceUtils:222 - Resetting read-only flag of JDBC Connection [com.mchange.v2.c3p0.impl.NewProxyConnection@a9a8f5 [wrapping: org.postgresql.jdbc.PgConnection@58a710]]
2016-11-13 19:02:39 DEBUG HibernateTransactionManager:634 - Closing Hibernate Session [SessionImpl(PersistenceContext[entityKeys=[],collectionKeys=[]];ActionQueue[insertions=[] updates=[] deletions=[] orphanRemovals=[] collectionCreations=[] collectionRemovals=[] collectionUpdates=[] collectionQueuedOps=[] unresolvedInsertDependencies=UnresolvedEntityInsertActions[]])] after transaction
2016-11-13 19:02:39 DEBUG HibernateTransactionManager:366 - Creating new transaction with name [crud.core.service.RoleOperations.printRoleList]: PROPAGATION_REQUIRED,ISOLATION_DEFAULT,readOnly
2016-11-13 19:02:39 DEBUG HibernateTransactionManager:417 - Opened new Session [SessionImpl(PersistenceContext[entityKeys=[],collectionKeys=[]];ActionQueue[insertions=[] updates=[] deletions=[] orphanRemovals=[] collectionCreations=[] collectionRemovals=[] collectionUpdates=[] collectionQueuedOps=[] unresolvedInsertDependencies=UnresolvedEntityInsertActions[]])] for Hibernate transaction
2016-11-13 19:02:39 DEBUG HibernateTransactionManager:427 - Preparing JDBC Connection of Hibernate Session [SessionImpl(PersistenceContext[entityKeys=[],collectionKeys=[]];ActionQueue[insertions=[] updates=[] deletions=[] orphanRemovals=[] collectionCreations=[] collectionRemovals=[] collectionUpdates=[] collectionQueuedOps=[] unresolvedInsertDependencies=UnresolvedEntityInsertActions[]])]
2016-11-13 19:02:39 DEBUG C3P0PooledConnectionPool:204 - Testing PooledConnection [com.mchange.v2.c3p0.impl.NewPooledConnection@6738c3] on CHECKOUT.
2016-11-13 19:02:39 DEBUG C3P0PooledConnectionPool:204 - Test of PooledConnection [com.mchange.v2.c3p0.impl.NewPooledConnection@6738c3] on CHECKOUT has SUCCEEDED.
2016-11-13 19:02:39 DEBUG DataSourceUtils:153 - Setting JDBC Connection [com.mchange.v2.c3p0.impl.NewProxyConnection@75d361 [wrapping: org.postgresql.jdbc.PgConnection@58a710]] read-only
2016-11-13 19:02:39 DEBUG HibernateTransactionManager:488 - Exposing Hibernate transaction as JDBC transaction [com.mchange.v2.c3p0.impl.NewProxyConnection@75d361 [wrapping: org.postgresql.jdbc.PgConnection@58a710]]
2016-11-13 19:02:39 DEBUG HibernateTransactionManager:366 - Creating new transaction with name [crud.core.service.RoleOperations.printRoleList]: PROPAGATION_REQUIRED,ISOLATION_DEFAULT,readOnly
2016-11-13 19:02:39 DEBUG HibernateTransactionManager:417 - Opened new Session [SessionImpl(PersistenceContext[entityKeys=[],collectionKeys=[]];ActionQueue[insertions=[] updates=[] deletions=[] orphanRemovals=[] collectionCreations=[] collectionRemovals=[] collectionUpdates=[] collectionQueuedOps=[] unresolvedInsertDependencies=UnresolvedEntityInsertActions[]])] for Hibernate transaction
2016-11-13 19:02:39 DEBUG HibernateTransactionManager:427 - Preparing JDBC Connection of Hibernate Session [SessionImpl(PersistenceContext[entityKeys=[],collectionKeys=[]];ActionQueue[insertions=[] updates=[] deletions=[] orphanRemovals=[] collectionCreations=[] collectionRemovals=[] collectionUpdates=[] collectionQueuedOps=[] unresolvedInsertDependencies=UnresolvedEntityInsertActions[]])]
2016-11-13 19:02:39 DEBUG C3P0PooledConnectionPool:204 - Testing PooledConnection [com.mchange.v2.c3p0.impl.NewPooledConnection@82b877] on CHECKOUT.
2016-11-13 19:02:39 DEBUG C3P0PooledConnectionPool:204 - Test of PooledConnection [com.mchange.v2.c3p0.impl.NewPooledConnection@82b877] on CHECKOUT has SUCCEEDED.
2016-11-13 19:02:39 DEBUG DataSourceUtils:153 - Setting JDBC Connection [com.mchange.v2.c3p0.impl.NewProxyConnection@300ad2 [wrapping: org.postgresql.jdbc.PgConnection@376a95]] read-only
2016-11-13 19:02:39 DEBUG HibernateTransactionManager:488 - Exposing Hibernate transaction as JDBC transaction [com.mchange.v2.c3p0.impl.NewProxyConnection@300ad2 [wrapping: org.postgresql.jdbc.PgConnection@376a95]]
2016-11-13 19:02:39 TRACE BasicExtractor:74 - Found [3] as column [ROLE_ID1_3_]
2016-11-13 19:02:39 TRACE BasicExtractor:74 - Found [DEV] as column [ROLE_NAM2_3_]
2016-11-13 19:02:39 TRACE BasicExtractor:74 - Found [9] as column [ROLE_ID1_3_]
2016-11-13 19:02:39 TRACE BasicExtractor:74 - Found [ADMIN] as column [ROLE_NAM2_3_]
2016-11-13 19:02:39 TRACE BasicExtractor:74 - Found [13] as column [ROLE_ID1_3_]
2016-11-13 19:02:39 TRACE BasicExtractor:74 - Found [TEST] as column [ROLE_NAM2_3_]
2016-11-13 19:02:39 TRACE BasicExtractor:74 - Found [23] as column [ROLE_ID1_3_]
2016-11-13 19:02:39 TRACE BasicExtractor:74 - Found [HELLO] as column [ROLE_NAM2_3_]
2016-11-13 19:02:39 TRACE CollectionType:742 - Created collection wrapper: [crud.core.model.Role.persons#3]
2016-11-13 19:02:39 TRACE CollectionType:742 - Created collection wrapper: [crud.core.model.Role.persons#9]
2016-11-13 19:02:39 TRACE CollectionType:742 - Created collection wrapper: [crud.core.model.Role.persons#13]
2016-11-13 19:02:39 TRACE CollectionType:742 - Created collection wrapper: [crud.core.model.Role.persons#23]
2016-11-13 19:02:39 DEBUG HibernateTransactionManager:753 - Initiating transaction commit
2016-11-13 19:02:39 DEBUG HibernateTransactionManager:552 - Committing Hibernate transaction on Session [SessionImpl(PersistenceContext[entityKeys=[],collectionKeys=[]];ActionQueue[insertions=[] updates=[] deletions=[] orphanRemovals=[] collectionCreations=[] collectionRemovals=[] collectionUpdates=[] collectionQueuedOps=[] unresolvedInsertDependencies=UnresolvedEntityInsertActions[]])]
2016-11-13 19:02:39 DEBUG DataSourceUtils:222 - Resetting read-only flag of JDBC Connection [com.mchange.v2.c3p0.impl.NewProxyConnection@300ad2 [wrapping: org.postgresql.jdbc.PgConnection@376a95]]
2016-11-13 19:02:39 DEBUG HibernateTransactionManager:634 - Closing Hibernate Session [SessionImpl(PersistenceContext[entityKeys=[],collectionKeys=[]];ActionQueue[insertions=[] updates=[] deletions=[] orphanRemovals=[] collectionCreations=[] collectionRemovals=[] collectionUpdates=[] collectionQueuedOps=[] unresolvedInsertDependencies=UnresolvedEntityInsertActions[]])] after transaction
2016-11-13 19:02:39 DEBUG HibernateTransactionManager:1013 - Resuming suspended transaction after completion of inner transaction
2016-11-13 19:02:39 DEBUG HibernateTransactionManager:753 - Initiating transaction commit
2016-11-13 19:02:39 DEBUG HibernateTransactionManager:552 - Committing Hibernate transaction on Session [SessionImpl(PersistenceContext[entityKeys=[EntityKey[crud.core.model.Role#3], EntityKey[crud.core.model.Role#13], EntityKey[crud.core.model.Role#23], EntityKey[crud.core.model.Role#9]],collectionKeys=[CollectionKey[crud.core.model.Role.persons#3], CollectionKey[crud.core.model.Role.persons#9], CollectionKey[crud.core.model.Role.persons#23], CollectionKey[crud.core.model.Role.persons#13]]];ActionQueue[insertions=[] updates=[] deletions=[] orphanRemovals=[] collectionCreations=[] collectionRemovals=[] collectionUpdates=[] collectionQueuedOps=[] unresolvedInsertDependencies=UnresolvedEntityInsertActions[]])]
2016-11-13 19:02:39 DEBUG DataSourceUtils:222 - Resetting read-only flag of JDBC Connection [com.mchange.v2.c3p0.impl.NewProxyConnection@75d361 [wrapping: org.postgresql.jdbc.PgConnection@58a710]]
2016-11-13 19:02:39 DEBUG HibernateTransactionManager:634 - Closing Hibernate Session [SessionImpl(PersistenceContext[entityKeys=[EntityKey[crud.core.model.Role#3], EntityKey[crud.core.model.Role#13], EntityKey[crud.core.model.Role#23], EntityKey[crud.core.model.Role#9]],collectionKeys=[CollectionKey[crud.core.model.Role.persons#3], CollectionKey[crud.core.model.Role.persons#9], CollectionKey[crud.core.model.Role.persons#23], CollectionKey[crud.core.model.Role.persons#13]]];ActionQueue[insertions=[] updates=[] deletions=[] orphanRemovals=[] collectionCreations=[] collectionRemovals=[] collectionUpdates=[] collectionQueuedOps=[] unresolvedInsertDependencies=UnresolvedEntityInsertActions[]])] after transaction
2016-11-13 19:02:39 DEBUG CookieLocaleResolver:104 - Parsed cookie value [zh_CN] into locale 'zh_CN'
2016-11-13 19:02:39 DEBUG DispatcherServlet:1213 - Rendering view [org.springframework.web.servlet.view.JstlView: name 'PersonDetails'; URL [/PersonDetails.jsp]] in DispatcherServlet with name 'MvcDispatcher'
2016-11-13 19:02:39 DEBUG JstlView:375 - Added model object 'personDto' of type [crud.core.model.PersonDto] to request in view with name 'PersonDetails'
2016-11-13 19:02:39 DEBUG JstlView:375 - Added model object 'titles' of type [java.util.ArrayList] to request in view with name 'PersonDetails'
2016-11-13 19:02:39 DEBUG JstlView:375 - Added model object 'typeList' of type [java.util.ArrayList] to request in view with name 'PersonDetails'
2016-11-13 19:02:39 DEBUG JstlView:375 - Added model object 'roleDto' of type [crud.core.model.RoleDto] to request in view with name 'PersonDetails'
2016-11-13 19:02:39 DEBUG JstlView:236 - Forwarding to resource [/PersonDetails.jsp] in InternalResourceView 'PersonDetails'
2016-11-13 19:02:39 DEBUG DispatcherServlet:981 - Successfully completed request
2016-11-13 19:02:43 DEBUG DispatcherServlet:835 - DispatcherServlet with name 'MvcDispatcher' processing GET request for [/redirect]
2016-11-13 19:02:43 DEBUG BeanNameUrlHandlerMapping:124 - Mapping [/redirect] to HandlerExecutionChain with handler [crud.app.RedirectController@13f266f] and 1 interceptor
2016-11-13 19:02:43 DEBUG DispatcherServlet:921 - Last-Modified value for [/redirect] is: -1
2016-11-13 19:02:43 DEBUG CookieLocaleResolver:104 - Parsed cookie value [zh_CN] into locale 'zh_CN'
2016-11-13 19:02:43 DEBUG DispatcherServlet:1213 - Rendering view [org.springframework.web.servlet.view.JstlView: name 'PersonMain'; URL [/PersonMain.jsp]] in DispatcherServlet with name 'MvcDispatcher'
2016-11-13 19:02:43 DEBUG JstlView:236 - Forwarding to resource [/PersonMain.jsp] in InternalResourceView 'PersonMain'
2016-11-13 19:02:43 DEBUG DispatcherServlet:981 - Successfully completed request
2016-11-13 19:02:44 DEBUG DispatcherServlet:835 - DispatcherServlet with name 'MvcDispatcher' processing GET request for [/redirect]
2016-11-13 19:02:44 DEBUG BeanNameUrlHandlerMapping:124 - Mapping [/redirect] to HandlerExecutionChain with handler [crud.app.RedirectController@13f266f] and 1 interceptor
2016-11-13 19:02:44 DEBUG DispatcherServlet:921 - Last-Modified value for [/redirect] is: -1
2016-11-13 19:02:44 DEBUG CookieLocaleResolver:104 - Parsed cookie value [zh_CN] into locale 'zh_CN'
2016-11-13 19:02:44 DEBUG DispatcherServlet:1213 - Rendering view [org.springframework.web.servlet.view.JstlView: name 'index'; URL [/index.jsp]] in DispatcherServlet with name 'MvcDispatcher'
2016-11-13 19:02:44 DEBUG JstlView:236 - Forwarding to resource [/index.jsp] in InternalResourceView 'index'
2016-11-13 19:02:44 DEBUG DispatcherServlet:981 - Successfully completed request
2016-11-13 19:02:46 DEBUG DispatcherServlet:835 - DispatcherServlet with name 'MvcDispatcher' processing GET request for [/roleController]
2016-11-13 19:02:46 DEBUG BeanNameUrlHandlerMapping:124 - Mapping [/roleController] to HandlerExecutionChain with handler [crud.app.RoleController@1c2c0a3] and 1 interceptor
2016-11-13 19:02:46 DEBUG DispatcherServlet:921 - Last-Modified value for [/roleController] is: -1
2016-11-13 19:02:46 DEBUG HibernateTransactionManager:366 - Creating new transaction with name [crud.core.service.RoleOperations.printRoleList]: PROPAGATION_REQUIRED,ISOLATION_DEFAULT,readOnly
2016-11-13 19:02:46 DEBUG HibernateTransactionManager:417 - Opened new Session [SessionImpl(PersistenceContext[entityKeys=[],collectionKeys=[]];ActionQueue[insertions=[] updates=[] deletions=[] orphanRemovals=[] collectionCreations=[] collectionRemovals=[] collectionUpdates=[] collectionQueuedOps=[] unresolvedInsertDependencies=UnresolvedEntityInsertActions[]])] for Hibernate transaction
2016-11-13 19:02:46 DEBUG HibernateTransactionManager:427 - Preparing JDBC Connection of Hibernate Session [SessionImpl(PersistenceContext[entityKeys=[],collectionKeys=[]];ActionQueue[insertions=[] updates=[] deletions=[] orphanRemovals=[] collectionCreations=[] collectionRemovals=[] collectionUpdates=[] collectionQueuedOps=[] unresolvedInsertDependencies=UnresolvedEntityInsertActions[]])]
2016-11-13 19:02:46 DEBUG C3P0PooledConnectionPool:204 - Testing PooledConnection [com.mchange.v2.c3p0.impl.NewPooledConnection@6738c3] on CHECKOUT.
2016-11-13 19:02:46 DEBUG C3P0PooledConnectionPool:204 - Test of PooledConnection [com.mchange.v2.c3p0.impl.NewPooledConnection@6738c3] on CHECKOUT has SUCCEEDED.
2016-11-13 19:02:46 DEBUG DataSourceUtils:153 - Setting JDBC Connection [com.mchange.v2.c3p0.impl.NewProxyConnection@fd90a1 [wrapping: org.postgresql.jdbc.PgConnection@58a710]] read-only
2016-11-13 19:02:46 DEBUG HibernateTransactionManager:488 - Exposing Hibernate transaction as JDBC transaction [com.mchange.v2.c3p0.impl.NewProxyConnection@fd90a1 [wrapping: org.postgresql.jdbc.PgConnection@58a710]]
2016-11-13 19:02:46 DEBUG HibernateTransactionManager:366 - Creating new transaction with name [crud.core.service.RoleOperations.printRoleList]: PROPAGATION_REQUIRED,ISOLATION_DEFAULT,readOnly
2016-11-13 19:02:46 DEBUG HibernateTransactionManager:417 - Opened new Session [SessionImpl(PersistenceContext[entityKeys=[],collectionKeys=[]];ActionQueue[insertions=[] updates=[] deletions=[] orphanRemovals=[] collectionCreations=[] collectionRemovals=[] collectionUpdates=[] collectionQueuedOps=[] unresolvedInsertDependencies=UnresolvedEntityInsertActions[]])] for Hibernate transaction
2016-11-13 19:02:46 DEBUG HibernateTransactionManager:427 - Preparing JDBC Connection of Hibernate Session [SessionImpl(PersistenceContext[entityKeys=[],collectionKeys=[]];ActionQueue[insertions=[] updates=[] deletions=[] orphanRemovals=[] collectionCreations=[] collectionRemovals=[] collectionUpdates=[] collectionQueuedOps=[] unresolvedInsertDependencies=UnresolvedEntityInsertActions[]])]
2016-11-13 19:02:46 DEBUG C3P0PooledConnectionPool:204 - Testing PooledConnection [com.mchange.v2.c3p0.impl.NewPooledConnection@82b877] on CHECKOUT.
2016-11-13 19:02:46 DEBUG C3P0PooledConnectionPool:204 - Test of PooledConnection [com.mchange.v2.c3p0.impl.NewPooledConnection@82b877] on CHECKOUT has SUCCEEDED.
2016-11-13 19:02:46 DEBUG DataSourceUtils:153 - Setting JDBC Connection [com.mchange.v2.c3p0.impl.NewProxyConnection@b2a45f [wrapping: org.postgresql.jdbc.PgConnection@376a95]] read-only
2016-11-13 19:02:46 DEBUG HibernateTransactionManager:488 - Exposing Hibernate transaction as JDBC transaction [com.mchange.v2.c3p0.impl.NewProxyConnection@b2a45f [wrapping: org.postgresql.jdbc.PgConnection@376a95]]
2016-11-13 19:02:46 TRACE BasicExtractor:74 - Found [3] as column [ROLE_ID1_3_]
2016-11-13 19:02:46 TRACE BasicExtractor:74 - Found [DEV] as column [ROLE_NAM2_3_]
2016-11-13 19:02:46 TRACE BasicExtractor:74 - Found [9] as column [ROLE_ID1_3_]
2016-11-13 19:02:46 TRACE BasicExtractor:74 - Found [ADMIN] as column [ROLE_NAM2_3_]
2016-11-13 19:02:46 TRACE BasicExtractor:74 - Found [13] as column [ROLE_ID1_3_]
2016-11-13 19:02:46 TRACE BasicExtractor:74 - Found [TEST] as column [ROLE_NAM2_3_]
2016-11-13 19:02:46 TRACE BasicExtractor:74 - Found [23] as column [ROLE_ID1_3_]
2016-11-13 19:02:46 TRACE BasicExtractor:74 - Found [HELLO] as column [ROLE_NAM2_3_]
2016-11-13 19:02:46 TRACE CollectionType:742 - Created collection wrapper: [crud.core.model.Role.persons#3]
2016-11-13 19:02:46 TRACE CollectionType:742 - Created collection wrapper: [crud.core.model.Role.persons#9]
2016-11-13 19:02:46 TRACE CollectionType:742 - Created collection wrapper: [crud.core.model.Role.persons#13]
2016-11-13 19:02:46 TRACE CollectionType:742 - Created collection wrapper: [crud.core.model.Role.persons#23]
2016-11-13 19:02:46 DEBUG HibernateTransactionManager:753 - Initiating transaction commit
2016-11-13 19:02:46 DEBUG HibernateTransactionManager:552 - Committing Hibernate transaction on Session [SessionImpl(PersistenceContext[entityKeys=[],collectionKeys=[]];ActionQueue[insertions=[] updates=[] deletions=[] orphanRemovals=[] collectionCreations=[] collectionRemovals=[] collectionUpdates=[] collectionQueuedOps=[] unresolvedInsertDependencies=UnresolvedEntityInsertActions[]])]
2016-11-13 19:02:46 DEBUG DataSourceUtils:222 - Resetting read-only flag of JDBC Connection [com.mchange.v2.c3p0.impl.NewProxyConnection@b2a45f [wrapping: org.postgresql.jdbc.PgConnection@376a95]]
2016-11-13 19:02:46 DEBUG HibernateTransactionManager:634 - Closing Hibernate Session [SessionImpl(PersistenceContext[entityKeys=[],collectionKeys=[]];ActionQueue[insertions=[] updates=[] deletions=[] orphanRemovals=[] collectionCreations=[] collectionRemovals=[] collectionUpdates=[] collectionQueuedOps=[] unresolvedInsertDependencies=UnresolvedEntityInsertActions[]])] after transaction
2016-11-13 19:02:46 DEBUG HibernateTransactionManager:1013 - Resuming suspended transaction after completion of inner transaction
2016-11-13 19:02:46 DEBUG HibernateTransactionManager:753 - Initiating transaction commit
2016-11-13 19:02:46 DEBUG HibernateTransactionManager:552 - Committing Hibernate transaction on Session [SessionImpl(PersistenceContext[entityKeys=[EntityKey[crud.core.model.Role#3], EntityKey[crud.core.model.Role#13], EntityKey[crud.core.model.Role#23], EntityKey[crud.core.model.Role#9]],collectionKeys=[CollectionKey[crud.core.model.Role.persons#3], CollectionKey[crud.core.model.Role.persons#9], CollectionKey[crud.core.model.Role.persons#23], CollectionKey[crud.core.model.Role.persons#13]]];ActionQueue[insertions=[] updates=[] deletions=[] orphanRemovals=[] collectionCreations=[] collectionRemovals=[] collectionUpdates=[] collectionQueuedOps=[] unresolvedInsertDependencies=UnresolvedEntityInsertActions[]])]
2016-11-13 19:02:46 DEBUG DataSourceUtils:222 - Resetting read-only flag of JDBC Connection [com.mchange.v2.c3p0.impl.NewProxyConnection@fd90a1 [wrapping: org.postgresql.jdbc.PgConnection@58a710]]
2016-11-13 19:02:46 DEBUG HibernateTransactionManager:634 - Closing Hibernate Session [SessionImpl(PersistenceContext[entityKeys=[EntityKey[crud.core.model.Role#3], EntityKey[crud.core.model.Role#13], EntityKey[crud.core.model.Role#23], EntityKey[crud.core.model.Role#9]],collectionKeys=[CollectionKey[crud.core.model.Role.persons#3], CollectionKey[crud.core.model.Role.persons#9], CollectionKey[crud.core.model.Role.persons#23], CollectionKey[crud.core.model.Role.persons#13]]];ActionQueue[insertions=[] updates=[] deletions=[] orphanRemovals=[] collectionCreations=[] collectionRemovals=[] collectionUpdates=[] collectionQueuedOps=[] unresolvedInsertDependencies=UnresolvedEntityInsertActions[]])] after transaction
2016-11-13 19:02:46 DEBUG CookieLocaleResolver:104 - Parsed cookie value [zh_CN] into locale 'zh_CN'
2016-11-13 19:02:46 DEBUG DispatcherServlet:1213 - Rendering view [org.springframework.web.servlet.view.JstlView: name 'RoleDetails'; URL [/RoleDetails.jsp]] in DispatcherServlet with name 'MvcDispatcher'
2016-11-13 19:02:46 DEBUG JstlView:375 - Added model object 'roleDto' of type [crud.core.model.RoleDto] to request in view with name 'RoleDetails'
2016-11-13 19:02:46 DEBUG JstlView:236 - Forwarding to resource [/RoleDetails.jsp] in InternalResourceView 'RoleDetails'
2016-11-13 19:02:46 DEBUG DispatcherServlet:981 - Successfully completed request
2016-11-13 19:02:59 DEBUG DispatcherServlet:835 - DispatcherServlet with name 'MvcDispatcher' processing GET request for [/redirect]
2016-11-13 19:02:59 DEBUG BeanNameUrlHandlerMapping:124 - Mapping [/redirect] to HandlerExecutionChain with handler [crud.app.RedirectController@13f266f] and 1 interceptor
2016-11-13 19:02:59 DEBUG DispatcherServlet:921 - Last-Modified value for [/redirect] is: -1
2016-11-13 19:02:59 DEBUG CookieLocaleResolver:104 - Parsed cookie value [zh_CN] into locale 'zh_CN'
2016-11-13 19:02:59 DEBUG DispatcherServlet:1213 - Rendering view [org.springframework.web.servlet.view.JstlView: name 'index'; URL [/index.jsp]] in DispatcherServlet with name 'MvcDispatcher'
2016-11-13 19:02:59 DEBUG JstlView:236 - Forwarding to resource [/index.jsp] in InternalResourceView 'index'
2016-11-13 19:02:59 DEBUG DispatcherServlet:981 - Successfully completed request
2016-11-13 19:02:59 DEBUG DispatcherServlet:835 - DispatcherServlet with name 'MvcDispatcher' processing GET request for [/css/styles.css]
2016-11-13 19:02:59 DEBUG SimpleUrlHandlerMapping:169 - Matching patterns for request [/css/styles.css] are [/css/**]
2016-11-13 19:02:59 DEBUG SimpleUrlHandlerMapping:194 - URI Template variables for request [/css/styles.css] are {}
2016-11-13 19:02:59 DEBUG SimpleUrlHandlerMapping:124 - Mapping [/css/styles.css] to HandlerExecutionChain with handler [org.springframework.web.servlet.resource.ResourceHttpRequestHandler@5bb280] and 1 interceptor
2016-11-13 19:02:59 DEBUG DispatcherServlet:921 - Last-Modified value for [/css/styles.css] is: -1
2016-11-13 19:02:59 DEBUG ResourceHttpRequestHandler:194 - Trying relative path [styles.css] against base location: ServletContext resource [/css/]
2016-11-13 19:02:59 DEBUG ResourceHttpRequestHandler:200 - Found matching resource: ServletContext resource [/css/styles.css]
2016-11-13 19:02:59 DEBUG ResourceHttpRequestHandler:137 - Determined media type 'text/css' for ServletContext resource [/css/styles.css]
2016-11-13 19:02:59 DEBUG ResourceHttpRequestHandler:148 - Resource not modified - returning 304
2016-11-13 19:02:59 DEBUG DispatcherServlet:1008 - Null ModelAndView returned to DispatcherServlet with name 'MvcDispatcher': assuming HandlerAdapter completed request handling
2016-11-13 19:02:59 DEBUG DispatcherServlet:981 - Successfully completed request
2016-11-13 19:03:03 INFO  XmlWebApplicationContext:1048 - Closing WebApplicationContext for namespace 'MvcDispatcher-servlet': startup date [Sun Nov 13 18:59:10 PHT 2016]; parent: Root WebApplicationContext
2016-11-13 19:03:04 DEBUG DefaultListableBeanFactory:243 - Returning cached instance of singleton bean 'lifecycleProcessor'
2016-11-13 19:03:04 INFO  DefaultListableBeanFactory:444 - Destroying singletons in org.springframework.beans.factory.support.DefaultListableBeanFactory@1bc516f: defining beans [org.springframework.web.servlet.resource.ResourceHttpRequestHandler#0,mvcPathMatcher,mvcUrlPathHelper,org.springframework.web.servlet.handler.SimpleUrlHandlerMapping#0,org.springframework.web.servlet.handler.BeanNameUrlHandlerMapping,org.springframework.web.servlet.mvc.HttpRequestHandlerAdapter,org.springframework.web.servlet.mvc.SimpleControllerHandlerAdapter,org.springframework.web.servlet.resource.ResourceHttpRequestHandler#1,org.springframework.web.servlet.handler.SimpleUrlHandlerMapping#1,org.springframework.web.servlet.resource.ResourceHttpRequestHandler#2,org.springframework.web.servlet.handler.SimpleUrlHandlerMapping#2,dataSource,sessionFactory,txManager,txAdvice,org.springframework.aop.config.internalAutoProxyCreator,servicePointCut,org.springframework.aop.support.DefaultBeanFactoryPointcutAdvisor#0,personDao,roleDao,contactDao,person,role,file,contact,personDto,roleDto,fileDto,personOperations,roleOperations,contactOperations,dataParser,fileOperations,/roleController,/roleSaveController,/personController,/personSaveController,/locale,/redirect,org.springframework.web.servlet.mvc.support.ControllerClassNameHandlerMapping#0,multipartResolver,/fileUpload,org.springframework.web.servlet.handler.MappedInterceptor#0,localeResolver,messageSource,viewResolver]; parent: org.springframework.beans.factory.support.DefaultListableBeanFactory@a82a13
2016-11-13 19:03:04 DEBUG DefaultListableBeanFactory:500 - Retrieved dependent beans for bean 'sessionFactory': [roleDao, txManager, contactDao, personDao]
2016-11-13 19:03:04 DEBUG DefaultListableBeanFactory:500 - Retrieved dependent beans for bean 'roleDao': [roleOperations]
2016-11-13 19:03:04 DEBUG DefaultListableBeanFactory:500 - Retrieved dependent beans for bean 'roleOperations': [/roleController, /roleSaveController, /personController, /personSaveController]
2016-11-13 19:03:04 DEBUG DefaultListableBeanFactory:500 - Retrieved dependent beans for bean 'crud.app.RolePersonValidator#21cbe7': [/personSaveController]
2016-11-13 19:03:04 DEBUG DefaultListableBeanFactory:500 - Retrieved dependent beans for bean 'txManager': [txAdvice]
2016-11-13 19:03:04 DEBUG DefaultListableBeanFactory:500 - Retrieved dependent beans for bean '(inner bean)#871ce4': [txAdvice]
2016-11-13 19:03:04 DEBUG DefaultListableBeanFactory:500 - Retrieved dependent beans for bean 'contactDao': [contactOperations]
2016-11-13 19:03:04 DEBUG DefaultListableBeanFactory:500 - Retrieved dependent beans for bean 'contactOperations': [personOperations]
2016-11-13 19:03:04 DEBUG DisposableBeanAdapter:227 - Invoking destroy() on bean with name 'sessionFactory'
2016-11-13 19:03:04 INFO  XmlWebApplicationContext:1048 - Closing Root WebApplicationContext: startup date [Sun Nov 13 18:59:03 PHT 2016]; root of context hierarchy
2016-11-13 19:03:04 DEBUG DefaultListableBeanFactory:243 - Returning cached instance of singleton bean 'lifecycleProcessor'
2016-11-13 19:03:04 INFO  DefaultListableBeanFactory:444 - Destroying singletons in org.springframework.beans.factory.support.DefaultListableBeanFactory@a82a13: defining beans [org.springframework.web.servlet.resource.ResourceHttpRequestHandler#0,mvcPathMatcher,mvcUrlPathHelper,org.springframework.web.servlet.handler.SimpleUrlHandlerMapping#0,org.springframework.web.servlet.handler.BeanNameUrlHandlerMapping,org.springframework.web.servlet.mvc.HttpRequestHandlerAdapter,org.springframework.web.servlet.mvc.SimpleControllerHandlerAdapter,org.springframework.web.servlet.resource.ResourceHttpRequestHandler#1,org.springframework.web.servlet.handler.SimpleUrlHandlerMapping#1,org.springframework.web.servlet.resource.ResourceHttpRequestHandler#2,org.springframework.web.servlet.handler.SimpleUrlHandlerMapping#2,dataSource,sessionFactory,txManager,txAdvice,org.springframework.aop.config.internalAutoProxyCreator,servicePointCut,org.springframework.aop.support.DefaultBeanFactoryPointcutAdvisor#0,personDao,roleDao,contactDao,person,role,file,contact,personDto,roleDto,fileDto,personOperations,roleOperations,contactOperations,dataParser,fileOperations,/roleController,/roleSaveController,/personController,/personSaveController,/locale,/redirect,org.springframework.web.servlet.mvc.support.ControllerClassNameHandlerMapping#0,multipartResolver,/fileUpload,org.springframework.web.servlet.handler.MappedInterceptor#0,localeResolver,messageSource,viewResolver,org.springframework.aop.support.DefaultBeanFactoryPointcutAdvisor#1]; root of factory hierarchy
2016-11-13 19:03:04 DEBUG DefaultListableBeanFactory:500 - Retrieved dependent beans for bean 'sessionFactory': [roleDao, txManager, contactDao, personDao]
2016-11-13 19:03:04 DEBUG DefaultListableBeanFactory:500 - Retrieved dependent beans for bean 'roleDao': [roleOperations]
2016-11-13 19:03:04 DEBUG DefaultListableBeanFactory:500 - Retrieved dependent beans for bean 'roleOperations': [/roleController, /roleSaveController, /personController, /personSaveController]
2016-11-13 19:03:04 DEBUG DefaultListableBeanFactory:500 - Retrieved dependent beans for bean 'crud.app.RolePersonValidator#d16a4': [/personSaveController]
2016-11-13 19:03:04 DEBUG DefaultListableBeanFactory:500 - Retrieved dependent beans for bean 'txManager': [txAdvice]
2016-11-13 19:03:04 DEBUG DefaultListableBeanFactory:500 - Retrieved dependent beans for bean '(inner bean)#10106cf': [txAdvice]
2016-11-13 19:03:04 DEBUG DefaultListableBeanFactory:500 - Retrieved dependent beans for bean 'contactDao': [contactOperations]
2016-11-13 19:03:04 DEBUG DefaultListableBeanFactory:500 - Retrieved dependent beans for bean 'contactOperations': [personOperations]
2016-11-13 19:03:04 DEBUG DisposableBeanAdapter:227 - Invoking destroy() on bean with name 'sessionFactory'
